<?xml version="1.0" encoding="utf-8"?><testsuites name="pytest tests"><testsuite name="pytest" errors="0" failures="4" skipped="0" tests="13" time="111.960" timestamp="2026-01-14T08:41:08.471786+08:00" hostname="DESKTOP-K3JOAO0"><properties>
[...]
</properties><testcase classname="tests.test_elevenlabs_chat_mode" name="test_send_text_message_chat_mode" time="0.419" /><testcase classname="tests.test_elevenlabs_chat_mode" name="test_send_text_message_voice_mode" time="0.013" /><testcase classname="tests.test_elevenlabs_websocket_fix" name="test_drain_timeout_prevents_hang" time="0.013" /><testcase classname="tests.test_elevenlabs_websocket_fix" name="test_collects_trailing_audio_in_drain_mode" time="0.012" /><testcase classname="tests.properties.test_patient_service_props" name="test_session_creation_unique_id" time="20.713"><failure message="AttributeError: CONCISE&#10;Falsifying example: test_session_creation_unique_id(&#10;    # The test always failed when commented parts were varied together.&#10;    patient_id='0',  # or any other generated value&#10;    agent_id='0',  # or any other generated value&#10;)">@settings(deadline=None)
&gt;   @given(
            
        patient_id=st.text(min_size=1, alphabet="abcdefghijklmnopqrstuvwxyzABCDEFGHIJKLMNOPQRSTUVWXYZ0123456789"),
        agent_id=st.text(min_size=1)
    )

tests\properties\test_patient_service_props.py:15: 
_ _ _ _ _ _ _ _ _ _ _ _ _ _ _ _ _ _ _ _ _ _ _ _ _ _ _ _ _ _ _ _ _ _ _ _ _ _ _ _
tests\properties\test_patient_service_props.py:34: in test_session_creation_unique_id
    answer_style=AnswerStyle.CONCISE,
                 ^^^^^^^^^^^^^^^^^^^
_ _ _ _ _ _ _ _ _ _ _ _ _ _ _ _ _ _ _ _ _ _ _ _ _ _ _ _ _ _ _ _ _ _ _ _ _ _ _ _

cls = &lt;enum 'AnswerStyle'&gt;, name = 'CONCISE'

    def __getattr__(cls, name):
        """
        Return the enum member matching `name`
    
        We use __getattr__ instead of descriptors or inserting into the enum
        class' __dict__ in order to support `name` and `value` being both
        properties for enum members (which live in the class' __dict__) and
        enum members themselves.
        """
        if _is_dunder(name):
            raise AttributeError(name)
        try:
            return cls._member_map_[name]
        except KeyError:
&gt;           raise AttributeError(name) from None
E           AttributeError: CONCISE
E           Falsifying example: test_session_creation_unique_id(
E               # The test always failed when commented parts were varied together.
E               patient_id='0',  # or any other generated value
E               agent_id='0',  # or any other generated value
E           )

..\..\..\AppData\Local\Programs\Python\Python311\Lib\enum.py:767: AttributeError</failure></testcase><testcase classname="tests.properties.test_patient_service_props" name="test_session_data_round_trip" time="20.987"><failure message="AttributeError: CONCISE&#10;Falsifying example: test_session_data_round_trip(&#10;    # The test always failed when commented parts were varied together.&#10;    patient_id='0',  # or any other generated value&#10;    agent_id='0',  # or any other generated value&#10;)">@settings(deadline=None)
&gt;   @given(
            
        patient_id=st.text(min_size=1, alphabet="abcdefghijklmnopqrstuvwxyzABCDEFGHIJKLMNOPQRSTUVWXYZ0123456789"),
        agent_id=st.text(min_size=1)
    )

tests\properties\test_patient_service_props.py:67: 
_ _ _ _ _ _ _ _ _ _ _ _ _ _ _ _ _ _ _ _ _ _ _ _ _ _ _ _ _ _ _ _ _ _ _ _ _ _ _ _
tests\properties\test_patient_service_props.py:83: in test_session_data_round_trip
    answer_style=AnswerStyle.CONCISE,
                 ^^^^^^^^^^^^^^^^^^^
_ _ _ _ _ _ _ _ _ _ _ _ _ _ _ _ _ _ _ _ _ _ _ _ _ _ _ _ _ _ _ _ _ _ _ _ _ _ _ _

cls = &lt;enum 'AnswerStyle'&gt;, name = 'CONCISE'

    def __getattr__(cls, name):
        """
        Return the enum member matching `name`
    
        We use __getattr__ instead of descriptors or inserting into the enum
        class' __dict__ in order to support `name` and `value` being both
        properties for enum members (which live in the class' __dict__) and
        enum members themselves.
        """
        if _is_dunder(name):
            raise AttributeError(name)
        try:
            return cls._member_map_[name]
        except KeyError:
&gt;           raise AttributeError(name) from None
E           AttributeError: CONCISE
E           Falsifying example: test_session_data_round_trip(
E               # The test always failed when commented parts were varied together.
E               patient_id='0',  # or any other generated value
E               agent_id='0',  # or any other generated value
E           )

..\..\..\AppData\Local\Programs\Python\Python311\Lib\enum.py:767: AttributeError</failure></testcase><testcase classname="tests.properties.test_patient_service_props" name="test_message_exchange_round_trip" time="35.409"><failure message="AttributeError: CONCISE&#10;Falsifying example: test_message_exchange_round_trip(&#10;    # The test always failed when commented parts were varied together.&#10;    patient_id='0',  # or any other generated value&#10;    agent_id='0',  # or any other generated value&#10;    message_text='0',  # or any other generated value&#10;    agent_response_text='0',  # or any other generated value&#10;)">@settings(deadline=None)
&gt;   @given(
            
        patient_id=st.text(min_size=1, alphabet="abcdefghijklmnopqrstuvwxyzABCDEFGHIJKLMNOPQRSTUVWXYZ0123456789"),
        agent_id=st.text(min_size=1),
        message_text=st.text(min_size=1),
        agent_response_text=st.text(min_size=1)
    )

tests\properties\test_patient_service_props.py:113: 
_ _ _ _ _ _ _ _ _ _ _ _ _ _ _ _ _ _ _ _ _ _ _ _ _ _ _ _ _ _ _ _ _ _ _ _ _ _ _ _
tests\properties\test_patient_service_props.py:133: in test_message_exchange_round_trip
    answer_style=AnswerStyle.CONCISE,
                 ^^^^^^^^^^^^^^^^^^^
_ _ _ _ _ _ _ _ _ _ _ _ _ _ _ _ _ _ _ _ _ _ _ _ _ _ _ _ _ _ _ _ _ _ _ _ _ _ _ _

cls = &lt;enum 'AnswerStyle'&gt;, name = 'CONCISE'

    def __getattr__(cls, name):
        """
        Return the enum member matching `name`
    
        We use __getattr__ instead of descriptors or inserting into the enum
        class' __dict__ in order to support `name` and `value` being both
        properties for enum members (which live in the class' __dict__) and
        enum members themselves.
        """
        if _is_dunder(name):
            raise AttributeError(name)
        try:
            return cls._member_map_[name]
        except KeyError:
&gt;           raise AttributeError(name) from None
E           AttributeError: CONCISE
E           Falsifying example: test_message_exchange_round_trip(
E               # The test always failed when commented parts were varied together.
E               patient_id='0',  # or any other generated value
E               agent_id='0',  # or any other generated value
E               message_text='0',  # or any other generated value
E               agent_response_text='0',  # or any other generated value
E           )

..\..\..\AppData\Local\Programs\Python\Python311\Lib\enum.py:767: AttributeError</failure></testcase><testcase classname="tests.properties.test_patient_service_props" name="test_response_includes_timestamp" time="33.038"><failure message="AttributeError: CONCISE&#10;Falsifying example: test_response_includes_timestamp(&#10;    # The test always failed when commented parts were varied together.&#10;    patient_id='0',  # or any other generated value&#10;    message_text='0',  # or any other generated value&#10;)">@settings(deadline=None)
&gt;   @given(
            
        patient_id=st.text(min_size=1, alphabet="abcdefghijklmnopqrstuvwxyzABCDEFGHIJKLMNOPQRSTUVWXYZ0123456789"),
        message_text=st.text(min_size=1)
    )

tests\properties\test_patient_service_props.py:175: 
_ _ _ _ _ _ _ _ _ _ _ _ _ _ _ _ _ _ _ _ _ _ _ _ _ _ _ _ _ _ _ _ _ _ _ _ _ _ _ _
tests\properties\test_patient_service_props.py:192: in test_response_includes_timestamp
    answer_style=AnswerStyle.CONCISE,
                 ^^^^^^^^^^^^^^^^^^^
_ _ _ _ _ _ _ _ _ _ _ _ _ _ _ _ _ _ _ _ _ _ _ _ _ _ _ _ _ _ _ _ _ _ _ _ _ _ _ _

cls = &lt;enum 'AnswerStyle'&gt;, name = 'CONCISE'

    def __getattr__(cls, name):
        """
        Return the enum member matching `name`
    
        We use __getattr__ instead of descriptors or inserting into the enum
        class' __dict__ in order to support `name` and `value` being both
        properties for enum members (which live in the class' __dict__) and
        enum members themselves.
        """
        if _is_dunder(name):
            raise AttributeError(name)
        try:
            return cls._member_map_[name]
        except KeyError:
&gt;           raise AttributeError(name) from None
E           AttributeError: CONCISE
E           Falsifying example: test_response_includes_timestamp(
E               # The test always failed when commented parts were varied together.
E               patient_id='0',  # or any other generated value
E               message_text='0',  # or any other generated value
E           )

..\..\..\AppData\Local\Programs\Python\Python311\Lib\enum.py:767: AttributeError</failure></testcase><testcase classname="tests.test_elevenlabs_service_props" name="test_error_classification" time="0.004" /><testcase classname="tests.test_elevenlabs_service_props" name="test_retry_on_transient_error" time="0.008" /><testcase classname="tests.test_elevenlabs_service_props" name="test_no_retry_on_permanent_error" time="0.006" /><testcase classname="tests.test_elevenlabs_service_props" name="test_max_retries_exceeded" time="0.011" /><testcase classname="tests.test_elevenlabs_service_props" name="test_should_retry_helper" time="0.004" /></testsuite></testsuites>