<?xml version="1.0" encoding="utf-8"?><testsuites name="pytest tests"><testsuite name="pytest" errors="0" failures="4" skipped="0" tests="4" time="6.058" timestamp="2026-01-14T08:36:32.063843+08:00" hostname="DESKTOP-K3JOAO0"><properties>
[...]
</properties><testcase classname="tests.properties.test_patient_service_props" name="test_session_creation_unique_id" time="4.692"><failure message="ValueError: Agent with id 0 not found&#10;Falsifying example: test_session_creation_unique_id(&#10;    patient_id='0',&#10;    agent_id='0',&#10;)">@settings(deadline=None)
&gt;   @given(
            
        patient_id=st.text(min_size=1, alphabet="abcdefghijklmnopqrstuvwxyzABCDEFGHIJKLMNOPQRSTUVWXYZ0123456789"),
        agent_id=st.text(min_size=1)
    )

tests\properties\test_patient_service_props.py:15: 
_ _ _ _ _ _ _ _ _ _ _ _ _ _ _ _ _ _ _ _ _ _ _ _ _ _ _ _ _ _ _ _ _ _ _ _ _ _ _ _
tests\properties\test_patient_service_props.py:39: in test_session_creation_unique_id
    raise e
tests\properties\test_patient_service_props.py:36: in test_session_creation_unique_id
    session = loop.run_until_complete(service.create_session(request))
              ^^^^^^^^^^^^^^^^^^^^^^^^^^^^^^^^^^^^^^^^^^^^^^^^^^^^^^^^
..\..\..\AppData\Local\Programs\Python\Python311\Lib\asyncio\base_events.py:650: in run_until_complete
    return future.result()
           ^^^^^^^^^^^^^^^
_ _ _ _ _ _ _ _ _ _ _ _ _ _ _ _ _ _ _ _ _ _ _ _ _ _ _ _ _ _ _ _ _ _ _ _ _ _ _ _

self = &lt;backend.services.patient_service.PatientService object at 0x000001D27C177B10&gt;
request = PatientSessionCreate(patient_id='0', agent_id='0')

    async def create_session(self, request: PatientSessionCreate) -&gt; PatientSessionResponse:
        """Create a new patient conversation session.
    
        Args:
            request: The session creation request.
    
        Returns:
            PatientSessionResponse: The created session details.
        """
        session_id = str(uuid.uuid4())
    
        # Look up the agent to get the ElevenLabs agent ID
        agent = await self.data_service.get_agent(request.agent_id)
        if not agent:
&gt;           raise ValueError(f"Agent with id {request.agent_id} not found")
E           ValueError: Agent with id 0 not found
E           Falsifying example: test_session_creation_unique_id(
E               patient_id='0',
E               agent_id='0',
E           )

backend\services\patient_service.py:55: ValueError</failure></testcase><testcase classname="tests.properties.test_patient_service_props" name="test_session_data_round_trip" time="0.133"><failure message="ValueError: Agent with id 0 not found&#10;Falsifying example: test_session_data_round_trip(&#10;    patient_id='0',&#10;    agent_id='0',&#10;)">@settings(deadline=None)
&gt;   @given(
            
        patient_id=st.text(min_size=1, alphabet="abcdefghijklmnopqrstuvwxyzABCDEFGHIJKLMNOPQRSTUVWXYZ0123456789"),
        agent_id=st.text(min_size=1)
    )

tests\properties\test_patient_service_props.py:54: 
_ _ _ _ _ _ _ _ _ _ _ _ _ _ _ _ _ _ _ _ _ _ _ _ _ _ _ _ _ _ _ _ _ _ _ _ _ _ _ _
tests\properties\test_patient_service_props.py:72: in test_session_data_round_trip
    created_session = loop.run_until_complete(service.create_session(request))
                      ^^^^^^^^^^^^^^^^^^^^^^^^^^^^^^^^^^^^^^^^^^^^^^^^^^^^^^^^
..\..\..\AppData\Local\Programs\Python\Python311\Lib\asyncio\base_events.py:650: in run_until_complete
    return future.result()
           ^^^^^^^^^^^^^^^
_ _ _ _ _ _ _ _ _ _ _ _ _ _ _ _ _ _ _ _ _ _ _ _ _ _ _ _ _ _ _ _ _ _ _ _ _ _ _ _

self = &lt;backend.services.patient_service.PatientService object at 0x000001D27C856990&gt;
request = PatientSessionCreate(patient_id='0', agent_id='0')

    async def create_session(self, request: PatientSessionCreate) -&gt; PatientSessionResponse:
        """Create a new patient conversation session.
    
        Args:
            request: The session creation request.
    
        Returns:
            PatientSessionResponse: The created session details.
        """
        session_id = str(uuid.uuid4())
    
        # Look up the agent to get the ElevenLabs agent ID
        agent = await self.data_service.get_agent(request.agent_id)
        if not agent:
&gt;           raise ValueError(f"Agent with id {request.agent_id} not found")
E           ValueError: Agent with id 0 not found
E           Falsifying example: test_session_data_round_trip(
E               patient_id='0',
E               agent_id='0',
E           )

backend\services\patient_service.py:55: ValueError</failure></testcase><testcase classname="tests.properties.test_patient_service_props" name="test_message_exchange_round_trip" time="0.270"><failure message="ValueError: Agent with id 0 not found&#10;Falsifying example: test_message_exchange_round_trip(&#10;    patient_id='0',&#10;    agent_id='0',&#10;    message_text='0',&#10;    agent_response_text='0',&#10;)">@settings(deadline=None)
&gt;   @given(
            
        patient_id=st.text(min_size=1, alphabet="abcdefghijklmnopqrstuvwxyzABCDEFGHIJKLMNOPQRSTUVWXYZ0123456789"),
        agent_id=st.text(min_size=1),
        message_text=st.text(min_size=1),
        agent_response_text=st.text(min_size=1)
    )

tests\properties\test_patient_service_props.py:88: 
_ _ _ _ _ _ _ _ _ _ _ _ _ _ _ _ _ _ _ _ _ _ _ _ _ _ _ _ _ _ _ _ _ _ _ _ _ _ _ _
tests\properties\test_patient_service_props.py:111: in test_message_exchange_round_trip
    session = loop.run_until_complete(service.create_session(request))
              ^^^^^^^^^^^^^^^^^^^^^^^^^^^^^^^^^^^^^^^^^^^^^^^^^^^^^^^^
..\..\..\AppData\Local\Programs\Python\Python311\Lib\asyncio\base_events.py:650: in run_until_complete
    return future.result()
           ^^^^^^^^^^^^^^^
_ _ _ _ _ _ _ _ _ _ _ _ _ _ _ _ _ _ _ _ _ _ _ _ _ _ _ _ _ _ _ _ _ _ _ _ _ _ _ _

self = &lt;backend.services.patient_service.PatientService object at 0x000001D27C176250&gt;
request = PatientSessionCreate(patient_id='0', agent_id='0')

    async def create_session(self, request: PatientSessionCreate) -&gt; PatientSessionResponse:
        """Create a new patient conversation session.
    
        Args:
            request: The session creation request.
    
        Returns:
            PatientSessionResponse: The created session details.
        """
        session_id = str(uuid.uuid4())
    
        # Look up the agent to get the ElevenLabs agent ID
        agent = await self.data_service.get_agent(request.agent_id)
        if not agent:
&gt;           raise ValueError(f"Agent with id {request.agent_id} not found")
E           ValueError: Agent with id 0 not found
E           Falsifying example: test_message_exchange_round_trip(
E               patient_id='0',
E               agent_id='0',
E               message_text='0',
E               agent_response_text='0',
E           )

backend\services\patient_service.py:55: ValueError</failure></testcase><testcase classname="tests.properties.test_patient_service_props" name="test_response_includes_timestamp" time="0.177"><failure message="ValueError: Agent with id agent not found&#10;Falsifying example: test_response_includes_timestamp(&#10;    patient_id='0',&#10;    message_text='0',&#10;)">@settings(deadline=None)
&gt;   @given(
            
        patient_id=st.text(min_size=1, alphabet="abcdefghijklmnopqrstuvwxyzABCDEFGHIJKLMNOPQRSTUVWXYZ0123456789"),
        message_text=st.text(min_size=1)
    )

tests\properties\test_patient_service_props.py:138: 
_ _ _ _ _ _ _ _ _ _ _ _ _ _ _ _ _ _ _ _ _ _ _ _ _ _ _ _ _ _ _ _ _ _ _ _ _ _ _ _
tests\properties\test_patient_service_props.py:156: in test_response_includes_timestamp
    session = loop.run_until_complete(service.create_session(request))
              ^^^^^^^^^^^^^^^^^^^^^^^^^^^^^^^^^^^^^^^^^^^^^^^^^^^^^^^^
..\..\..\AppData\Local\Programs\Python\Python311\Lib\asyncio\base_events.py:650: in run_until_complete
    return future.result()
           ^^^^^^^^^^^^^^^
_ _ _ _ _ _ _ _ _ _ _ _ _ _ _ _ _ _ _ _ _ _ _ _ _ _ _ _ _ _ _ _ _ _ _ _ _ _ _ _

self = &lt;backend.services.patient_service.PatientService object at 0x000001D27C7BE2D0&gt;
request = PatientSessionCreate(patient_id='0', agent_id='agent')

    async def create_session(self, request: PatientSessionCreate) -&gt; PatientSessionResponse:
        """Create a new patient conversation session.
    
        Args:
            request: The session creation request.
    
        Returns:
            PatientSessionResponse: The created session details.
        """
        session_id = str(uuid.uuid4())
    
        # Look up the agent to get the ElevenLabs agent ID
        agent = await self.data_service.get_agent(request.agent_id)
        if not agent:
&gt;           raise ValueError(f"Agent with id {request.agent_id} not found")
E           ValueError: Agent with id agent not found
E           Falsifying example: test_response_includes_timestamp(
E               patient_id='0',
E               message_text='0',
E           )

backend\services\patient_service.py:55: ValueError</failure></testcase></testsuite></testsuites>