<?xml version="1.0" encoding="utf-8"?><testsuites name="pytest tests"><testsuite name="pytest" errors="0" failures="0" skipped="0" tests="5" time="0.681" timestamp="2026-01-14T08:36:12.819966+08:00" hostname="DESKTOP-K3JOAO0"><testcase classname="tests.test_elevenlabs_service_props" name="test_error_classification" time="0.130" /><testcase classname="tests.test_elevenlabs_service_props" name="test_retry_on_transient_error" time="0.020" /><testcase classname="tests.test_elevenlabs_service_props" name="test_no_retry_on_permanent_error" time="0.008" /><testcase classname="tests.test_elevenlabs_service_props" name="test_max_retries_exceeded" time="0.009" /><testcase classname="tests.test_elevenlabs_service_props" name="test_should_retry_helper" time="0.012" /></testsuite></testsuites>